<?xml version="1.0" encoding="UTF-8"?>
<!-- Generated by org.testng.reporters.JUnitReportReporter -->
<testsuite hostname="IN-MB-50231.local" failures="0" tests="1" name="apppiumtraining.learnappium" time="7.183" errors="0" timestamp="2024-02-19T14:04:07 IST" skipped="0">
  <testcase classname="apppiumtraining.learnappium" name="WifiSettingsName" time="7.183"/>
  <system-out/>
</testsuite> <!-- apppiumtraining.learnappium -->
