<?xml version="1.0" encoding="UTF-8"?>
<!-- Generated by org.testng.reporters.JUnitReportReporter -->
<testsuite hostname="IN-MB-50231.local" failures="0" tests="1" name="apppiumtraining.eCommerce_t3" time="21.672" errors="0" timestamp="2024-03-01T16:54:03 IST" skipped="0">
  <testcase classname="apppiumtraining.eCommerce_t3" name="successfulPurchase" time="21.672"/>
  <system-out/>
</testsuite> <!-- apppiumtraining.eCommerce_t3 -->
