<?xml version="1.0" encoding="UTF-8"?>
<!-- Generated by org.testng.reporters.JUnitReportReporter -->
<testsuite hostname="IN-MB-50231.local" failures="0" tests="1" name="apppiumtraining.iosBasics" time="5.152" errors="0" timestamp="2024-03-05T10:38:29 IST" skipped="0">
  <testcase classname="apppiumtraining.iosBasics" name="iosBaseTest" time="5.152"/>
  <system-out/>
</testsuite> <!-- apppiumtraining.iosBasics -->
