<?xml version="1.0" encoding="UTF-8"?>
<!-- Generated by org.testng.reporters.JUnitReportReporter -->
<testsuite hostname="IN-MB-50231.local" failures="0" tests="1" name="apppiumtraining.iosSwipeTo" time="4.740" errors="0" timestamp="2024-03-05T14:50:49 IST" skipped="0">
  <testcase classname="apppiumtraining.iosSwipeTo" name="iosSwipe" time="4.740"/>
  <system-out/>
</testsuite> <!-- apppiumtraining.iosSwipeTo -->
