<?xml version="1.0" encoding="UTF-8"?>
<!-- Generated by org.testng.reporters.JUnitReportReporter -->
<testsuite hostname="IN-MB-50231.local" failures="0" tests="1" name="apppiumtraining.MobileBrowserTest" time="0.948" errors="0" timestamp="2024-03-04T12:39:39 IST" skipped="0">
  <testcase classname="apppiumtraining.MobileBrowserTest" name="browserTest" time="0.948"/>
  <system-out/>
</testsuite> <!-- apppiumtraining.MobileBrowserTest -->
