<?xml version="1.0" encoding="UTF-8"?>
<!-- Generated by org.testng.reporters.JUnitReportReporter -->
<testsuite hostname="IN-MB-50231.local" failures="0" tests="1" name="apppiumtraining.eCommerce_t5" time="24.901" errors="0" timestamp="2024-03-04T11:00:46 IST" skipped="0">
  <testcase classname="apppiumtraining.eCommerce_t5" name="successfulPurchase" time="24.901"/>
  <system-out/>
</testsuite> <!-- apppiumtraining.eCommerce_t5 -->
