<?xml version="1.0" encoding="UTF-8"?>
<!-- Generated by org.testng.reporters.JUnitReportReporter -->
<testsuite hostname="IN-PC-00298.lister.lan" failures="0" tests="1" name="apppiumtraining.LongPressAction" time="7.760" errors="0" timestamp="2024-02-22T13:04:33 IST" skipped="0">
  <testcase classname="apppiumtraining.LongPressAction" name="LongPressGesture" time="7.760"/>
  <system-out/>
</testsuite> <!-- apppiumtraining.LongPressAction -->
