<?xml version="1.0" encoding="UTF-8"?>
<!-- Generated by org.testng.reporters.JUnitReportReporter -->
<testsuite hostname="IN-MB-50231.local" failures="0" tests="1" name="apppiumtraining.iosLongPress" time="6.541" errors="0" timestamp="2024-03-05T11:06:45 IST" skipped="0">
  <testcase classname="apppiumtraining.iosLongPress" name="iosBaseTest" time="6.541"/>
  <system-out/>
</testsuite> <!-- apppiumtraining.iosLongPress -->
