<?xml version="1.0" encoding="UTF-8"?>
<!-- Generated by org.testng.reporters.JUnitReportReporter -->
<testsuite hostname="IN-MB-50231.local" failures="0" tests="1" name="apppiumtraining.ScrollAction" time="9.533" errors="0" timestamp="2024-02-28T22:02:15 IST" skipped="0">
  <testcase classname="apppiumtraining.ScrollAction" name="scrollAction" time="9.533"/>
  <system-out/>
</testsuite> <!-- apppiumtraining.ScrollAction -->
