<?xml version="1.0" encoding="UTF-8"?>
<!-- Generated by org.testng.reporters.JUnitReportReporter -->
<testsuite hostname="IN-MB-50231.local" failures="0" tests="1" name="apppiumtraining.iosInBuiltAppTest" time="5.281" errors="0" timestamp="2024-03-05T16:35:40 IST" skipped="0">
  <testcase classname="apppiumtraining.iosInBuiltAppTest" name="iosDefualtApp" time="5.281"/>
  <system-out/>
</testsuite> <!-- apppiumtraining.iosInBuiltAppTest -->
