<?xml version="1.0" encoding="UTF-8"?>
<!-- Generated by org.testng.reporters.JUnitReportReporter -->
<testsuite hostname="IN-PC-00298.lister.lan" failures="0" tests="1" name="apppiumtraining.SwipeAction" time="6.322" errors="0" timestamp="2024-02-22T12:28:37 IST" skipped="0">
  <testcase classname="apppiumtraining.SwipeAction" name="scrollAction" time="6.322"/>
  <system-out/>
</testsuite> <!-- apppiumtraining.SwipeAction -->
