<?xml version="1.0" encoding="UTF-8"?>
<!-- Generated by org.testng.reporters.JUnitReportReporter -->
<testsuite hostname="IN-MB-50231.local" failures="0" tests="1" name="apppiumtraining.DragandDrop" time="6.423" errors="0" timestamp="2024-02-23T14:55:44 IST" skipped="0">
  <testcase classname="apppiumtraining.DragandDrop" name="scrollAction" time="6.423"/>
  <system-out/>
</testsuite> <!-- apppiumtraining.DragandDrop -->
