<?xml version="1.0" encoding="UTF-8"?>
<!-- Generated by org.testng.reporters.JUnitReportReporter -->
<testsuite hostname="IN-MB-50231.local" failures="0" tests="1" name="apppiumtraining.eCommerce_t1" time="12.714" errors="0" timestamp="2024-02-29T15:17:14 IST" skipped="0">
  <testcase classname="apppiumtraining.eCommerce_t1" name="fillform" time="12.714"/>
  <system-out/>
</testsuite> <!-- apppiumtraining.eCommerce_t1 -->
