<?xml version="1.0" encoding="UTF-8"?>
<!-- Generated by org.testng.reporters.JUnitReportReporter -->
<testsuite hostname="IN-MB-50231.local" failures="0" tests="1" name="apppiumtraining.eCommerce_t2" time="21.618" errors="0" timestamp="2024-03-01T09:40:28 IST" skipped="0">
  <testcase classname="apppiumtraining.eCommerce_t2" name="addToCart" time="21.618"/>
  <system-out/>
</testsuite> <!-- apppiumtraining.eCommerce_t2 -->
